  Main.cpp
C:\Users\Kacper\source\repos\grfk1\grfk1\Shader.h(45,40): warning C4101: "e": lokalna zmienna, do której nie istnieje odwołanie
  (kompilowanie pliku źródłowego „Main.cpp”)
  
C:\Users\Kacper\source\repos\grfk1\grfk1\Object.h(29,50): warning C4267: "argument": konwersja z "size_t" do "GLsizei", możliwa utrata danych
  (kompilowanie pliku źródłowego „Main.cpp”)
  
C:\Users\Kacper\source\repos\grfk1\grfk1\Object.h(36,54): warning C4267: "argument": konwersja z "size_t" do "GLsizei", możliwa utrata danych
  (kompilowanie pliku źródłowego „Main.cpp”)
  
C:\Users\Kacper\source\repos\grfk1\grfk1\Object.h(112,28): warning C4244: "inicjowanie": konwersja z "double" do "float", możliwa utrata danych
  (kompilowanie pliku źródłowego „Main.cpp”)
  
C:\Users\Kacper\source\repos\grfk1\grfk1\Object.h(113,28): warning C4244: "inicjowanie": konwersja z "double" do "float", możliwa utrata danych
  (kompilowanie pliku źródłowego „Main.cpp”)
  
C:\Users\Kacper\source\repos\grfk1\grfk1\Object.h(114,28): warning C4244: "inicjowanie": konwersja z "double" do "float", możliwa utrata danych
  (kompilowanie pliku źródłowego „Main.cpp”)
  
C:\Users\Kacper\source\repos\grfk1\grfk1\Object.h(148,25): warning C4244: "inicjowanie": konwersja z "double" do "float", możliwa utrata danych
  (kompilowanie pliku źródłowego „Main.cpp”)
  
C:\Users\Kacper\source\repos\grfk1\grfk1\Main.cpp(126,28): warning C4244: "inicjowanie": konwersja z "double" do "float", możliwa utrata danych
C:\Users\Kacper\source\repos\grfk1\grfk1\Main.cpp(238,35): warning C4244: "inicjowanie": konwersja z "double" do "float", możliwa utrata danych
C:\Users\Kacper\source\repos\grfk1\grfk1\Main.cpp(284,17): warning C4244: "=": konwersja z "double" do "float", możliwa utrata danych
C:\Users\Kacper\source\repos\grfk1\grfk1\Main.cpp(285,17): warning C4244: "=": konwersja z "double" do "float", możliwa utrata danych
C:\Users\Kacper\source\repos\grfk1\grfk1\Main.cpp(289,19): warning C4244: "inicjowanie": konwersja z "double" do "float", możliwa utrata danych
C:\Users\Kacper\source\repos\grfk1\grfk1\Main.cpp(290,19): warning C4244: "inicjowanie": konwersja z "double" do "float", możliwa utrata danych
C:\Users\Kacper\source\repos\grfk1\grfk1\Main.cpp(291,13): warning C4244: "=": konwersja z "double" do "float", możliwa utrata danych
C:\Users\Kacper\source\repos\grfk1\grfk1\Main.cpp(292,13): warning C4244: "=": konwersja z "double" do "float", możliwa utrata danych
C:\Users\Kacper\source\repos\grfk1\grfk1\Main.cpp(298,31): warning C4244: "argument": konwersja z "double" do "float", możliwa utrata danych
  grfk1.vcxproj -> C:\Users\Kacper\source\repos\grfk1\x64\Debug\grfk1.exe
