c:\users\daniel\source\repos\grfk1\grfk1\x64\debug\vc143.pdb
c:\users\daniel\source\repos\grfk1\grfk1\x64\debug\vc143.idb
c:\users\daniel\source\repos\grfk1\grfk1\x64\debug\grfk1.obj
c:\users\daniel\source\repos\grfk1\x64\debug\grfk1.pdb
c:\users\daniel\source\repos\grfk1\grfk1\x64\debug\grfk1.tlog\cl.command.1.tlog
c:\users\daniel\source\repos\grfk1\grfk1\x64\debug\grfk1.tlog\cl.read.1.tlog
c:\users\daniel\source\repos\grfk1\grfk1\x64\debug\grfk1.tlog\cl.write.1.tlog
c:\users\daniel\source\repos\grfk1\grfk1\x64\debug\grfk1.tlog\link-cvtres.read.1.tlog
c:\users\daniel\source\repos\grfk1\grfk1\x64\debug\grfk1.tlog\link-cvtres.write.1.tlog
c:\users\daniel\source\repos\grfk1\grfk1\x64\debug\grfk1.tlog\link-rc.read.1.tlog
c:\users\daniel\source\repos\grfk1\grfk1\x64\debug\grfk1.tlog\link-rc.write.1.tlog
c:\users\daniel\source\repos\grfk1\grfk1\x64\debug\grfk1.tlog\link.13152-cvtres.read.1.tlog
c:\users\daniel\source\repos\grfk1\grfk1\x64\debug\grfk1.tlog\link.13152-cvtres.write.1.tlog
c:\users\daniel\source\repos\grfk1\grfk1\x64\debug\grfk1.tlog\link.13152-rc.read.1.tlog
c:\users\daniel\source\repos\grfk1\grfk1\x64\debug\grfk1.tlog\link.13152-rc.write.1.tlog
c:\users\daniel\source\repos\grfk1\grfk1\x64\debug\grfk1.tlog\link.13152.read.1.tlog
c:\users\daniel\source\repos\grfk1\grfk1\x64\debug\grfk1.tlog\link.13152.read.2.tlog
c:\users\daniel\source\repos\grfk1\grfk1\x64\debug\grfk1.tlog\link.13152.write.1.tlog
c:\users\daniel\source\repos\grfk1\grfk1\x64\debug\grfk1.tlog\link.command.1.tlog
c:\users\daniel\source\repos\grfk1\grfk1\x64\debug\grfk1.tlog\link.read.1.tlog
c:\users\daniel\source\repos\grfk1\grfk1\x64\debug\grfk1.tlog\link.read.2.tlog
c:\users\daniel\source\repos\grfk1\grfk1\x64\debug\grfk1.tlog\link.write.1.tlog
